<?xml version="1.0" encoding="UTF-8"?>
<coverage generated="1696761678859" clover="3.2.0">
  <project timestamp="1696761678859" name="All files">
    <metrics statements="77" coveredstatements="68" conditionals="22" coveredconditionals="18" methods="31" coveredmethods="24" elements="130" coveredelements="110" complexity="0" loc="77" ncloc="77" packages="4" files="13" classes="13"/>
    <package name="src">
      <metrics statements="2" coveredstatements="2" conditionals="0" coveredconditionals="0" methods="0" coveredmethods="0"/>
      <file name="config.js" path="/home/bhargava/reactjs/react practice/src/config.js">
        <metrics statements="2" coveredstatements="2" conditionals="0" coveredconditionals="0" methods="0" coveredmethods="0"/>
        <line num="1" count="2" type="stmt"/>
        <line num="4" count="2" type="stmt"/>
      </file>
    </package>
    <package name="src.Utils">
      <metrics statements="29" coveredstatements="25" conditionals="0" coveredconditionals="0" methods="11" coveredmethods="7"/>
      <file name="UserContext.js" path="/home/bhargava/reactjs/react practice/src/Utils/UserContext.js">
        <metrics statements="1" coveredstatements="1" conditionals="0" coveredconditionals="0" methods="0" coveredmethods="0"/>
        <line num="3" count="2" type="stmt"/>
      </file>
      <file name="cartSlice.js" path="/home/bhargava/reactjs/react practice/src/Utils/cartSlice.js">
        <metrics statements="5" coveredstatements="3" conditionals="0" coveredconditionals="0" methods="3" coveredmethods="1"/>
        <line num="3" count="3" type="stmt"/>
        <line num="11" count="1" type="stmt"/>
        <line num="14" count="0" type="stmt"/>
        <line num="17" count="0" type="stmt"/>
        <line num="24" count="3" type="stmt"/>
      </file>
      <file name="store.js" path="/home/bhargava/reactjs/react practice/src/Utils/store.js">
        <metrics statements="1" coveredstatements="1" conditionals="0" coveredconditionals="0" methods="0" coveredmethods="0"/>
        <line num="4" count="3" type="stmt"/>
      </file>
      <file name="useOnline.js" path="/home/bhargava/reactjs/react practice/src/Utils/useOnline.js">
        <metrics statements="13" coveredstatements="11" conditionals="0" coveredconditionals="0" methods="5" coveredmethods="3"/>
        <line num="3" count="1" type="stmt"/>
        <line num="5" count="9" type="stmt"/>
        <line num="7" count="9" type="stmt"/>
        <line num="9" count="4" type="stmt"/>
        <line num="10" count="0" type="stmt"/>
        <line num="12" count="4" type="stmt"/>
        <line num="13" count="0" type="stmt"/>
        <line num="16" count="4" type="stmt"/>
        <line num="17" count="4" type="stmt"/>
        <line num="19" count="4" type="stmt"/>
        <line num="20" count="4" type="stmt"/>
        <line num="21" count="4" type="stmt"/>
        <line num="27" count="9" type="stmt"/>
      </file>
      <file name="useRestaurantMenu.js" path="/home/bhargava/reactjs/react practice/src/Utils/useRestaurantMenu.js">
        <metrics statements="9" coveredstatements="9" conditionals="0" coveredconditionals="0" methods="3" coveredmethods="3"/>
        <line num="4" count="1" type="stmt"/>
        <line num="6" count="2" type="stmt"/>
        <line num="8" count="2" type="stmt"/>
        <line num="9" count="1" type="stmt"/>
        <line num="13" count="1" type="stmt"/>
        <line num="14" count="1" type="stmt"/>
        <line num="15" count="1" type="stmt"/>
        <line num="16" count="1" type="stmt"/>
        <line num="19" count="2" type="stmt"/>
      </file>
    </package>
    <package name="src.Utils.mocks">
      <metrics statements="2" coveredstatements="2" conditionals="0" coveredconditionals="0" methods="0" coveredmethods="0"/>
      <file name="data.js" path="/home/bhargava/reactjs/react practice/src/Utils/mocks/data.js">
        <metrics statements="2" coveredstatements="2" conditionals="0" coveredconditionals="0" methods="0" coveredmethods="0"/>
        <line num="1" count="2" type="stmt"/>
        <line num="15848" count="2" type="stmt"/>
      </file>
      <file name="dummyLogo.js" path="/home/bhargava/reactjs/react practice/src/Utils/mocks/dummyLogo.js">
        <metrics statements="0" coveredstatements="0" conditionals="0" coveredconditionals="0" methods="0" coveredmethods="0"/>
      </file>
    </package>
    <package name="src.components">
      <metrics statements="44" coveredstatements="39" conditionals="22" coveredconditionals="18" methods="20" coveredmethods="17"/>
      <file name="Body.js" path="/home/bhargava/reactjs/react practice/src/components/Body.js">
        <metrics statements="19" coveredstatements="18" conditionals="10" coveredconditionals="8" methods="8" coveredmethods="8"/>
        <line num="11" count="10" type="stmt"/>
        <line num="14" count="1" type="stmt"/>
        <line num="16" count="10" type="stmt"/>
        <line num="17" count="9" type="stmt"/>
        <line num="18" count="9" type="stmt"/>
        <line num="20" count="9" type="stmt"/>
        <line num="22" count="9" type="stmt"/>
        <line num="23" count="4" type="stmt"/>
        <line num="27" count="4" type="stmt"/>
        <line num="28" count="4" type="stmt"/>
        <line num="29" count="4" type="stmt"/>
        <line num="30" count="4" type="stmt"/>
        <line num="33" count="9" type="cond" truecount="1" falsecount="1"/>
        <line num="34" count="0" type="stmt"/>
        <line num="36" count="9" type="stmt"/>
        <line num="48" count="1" type="stmt"/>
        <line num="53" count="1" type="stmt"/>
        <line num="54" count="1" type="stmt"/>
        <line num="67" count="41" type="stmt"/>
      </file>
      <file name="Header.js" path="/home/bhargava/reactjs/react practice/src/components/Header.js">
        <metrics statements="10" coveredstatements="6" conditionals="4" coveredconditionals="3" methods="5" coveredmethods="2"/>
        <line num="10" count="2" type="stmt"/>
        <line num="12" count="5" type="stmt"/>
        <line num="13" count="5" type="stmt"/>
        <line num="15" count="10" type="stmt"/>
        <line num="17" count="5" type="stmt"/>
        <line num="18" count="0" type="stmt"/>
        <line num="19" count="0" type="stmt"/>
        <line num="24" count="5" type="stmt"/>
        <line num="41" count="0" type="stmt"/>
        <line num="45" count="0" type="stmt"/>
      </file>
      <file name="RestaurantCard.js" path="/home/bhargava/reactjs/react practice/src/components/RestaurantCard.js">
        <metrics statements="2" coveredstatements="2" conditionals="4" coveredconditionals="4" methods="1" coveredmethods="1"/>
        <line num="3" count="1" type="stmt"/>
        <line num="5" count="41" type="stmt"/>
      </file>
      <file name="RestaurantMenu.js" path="/home/bhargava/reactjs/react practice/src/components/RestaurantMenu.js">
        <metrics statements="9" coveredstatements="9" conditionals="4" coveredconditionals="3" methods="4" coveredmethods="4"/>
        <line num="10" count="1" type="stmt"/>
        <line num="12" count="3" type="stmt"/>
        <line num="13" count="2" type="stmt"/>
        <line num="15" count="2" type="stmt"/>
        <line num="16" count="2" type="stmt"/>
        <line num="17" count="1" type="stmt"/>
        <line num="20" count="2" type="cond" truecount="2" falsecount="0"/>
        <line num="37" count="16" type="stmt"/>
        <line num="40" count="1" type="cond" truecount="1" falsecount="1"/>
      </file>
      <file name="Shimmer.js" path="/home/bhargava/reactjs/react practice/src/components/Shimmer.js">
        <metrics statements="4" coveredstatements="4" conditionals="0" coveredconditionals="0" methods="2" coveredmethods="2"/>
        <line num="1" count="2" type="stmt"/>
        <line num="2" count="20" type="stmt"/>
        <line num="5" count="2" type="stmt"/>
        <line num="7" count="5" type="stmt"/>
      </file>
    </package>
  </project>
</coverage>
