{"/home/bhargava/reactjs/react practice/src/config.js": {"path":"/home/bhargava/reactjs/react practice/src/config.js","statementMap":{"0":{"start":{"line":1,"column":25},"end":{"line":1,"column":108}},"1":{"start":{"line":4,"column":28},"end":{"line":1142,"column":2}}},"fnMap":{},"branchMap":{},"s":{"0":2,"1":2},"f":{},"b":{},"_coverageSchema":"1a1c01bbd47fc00a2c39e90264f33305004495a9","hash":"5c08d5a365f718ce73a0f977397fd21bd5c592e9"}
,"/home/bhargava/reactjs/react practice/src/Utils/UserContext.js": {"path":"/home/bhargava/reactjs/react practice/src/Utils/UserContext.js","statementMap":{"0":{"start":{"line":3,"column":18},"end":{"line":8,"column":2}}},"fnMap":{},"branchMap":{},"s":{"0":2},"f":{},"b":{},"_coverageSchema":"1a1c01bbd47fc00a2c39e90264f33305004495a9","hash":"d3096fd66d3a6ba645deca91e6fb0d01f84d6070"}
,"/home/bhargava/reactjs/react practice/src/Utils/cartSlice.js": {"path":"/home/bhargava/reactjs/react practice/src/Utils/cartSlice.js","statementMap":{"0":{"start":{"line":3,"column":18},"end":{"line":22,"column":2}},"1":{"start":{"line":11,"column":12},"end":{"line":11,"column":45}},"2":{"start":{"line":14,"column":12},"end":{"line":14,"column":30}},"3":{"start":{"line":17,"column":12},"end":{"line":17,"column":27}},"4":{"start":{"line":24,"column":46},"end":{"line":24,"column":63}}},"fnMap":{"0":{"name":"(anonymous_0)","decl":{"start":{"line":10,"column":17},"end":{"line":10,"column":18}},"loc":{"start":{"line":10,"column":33},"end":{"line":12,"column":9}},"line":10},"1":{"name":"(anonymous_1)","decl":{"start":{"line":13,"column":20},"end":{"line":13,"column":21}},"loc":{"start":{"line":13,"column":29},"end":{"line":15,"column":9}},"line":13},"2":{"name":"(anonymous_2)","decl":{"start":{"line":16,"column":19},"end":{"line":16,"column":20}},"loc":{"start":{"line":16,"column":28},"end":{"line":18,"column":9}},"line":16}},"branchMap":{},"s":{"0":3,"1":1,"2":0,"3":0,"4":3},"f":{"0":1,"1":0,"2":0},"b":{},"_coverageSchema":"1a1c01bbd47fc00a2c39e90264f33305004495a9","hash":"9b4ebf0490cf3107cedaf997bf5b37c65a49e6d7"}
,"/home/bhargava/reactjs/react practice/src/Utils/store.js": {"path":"/home/bhargava/reactjs/react practice/src/Utils/store.js","statementMap":{"0":{"start":{"line":4,"column":14},"end":{"line":8,"column":2}}},"fnMap":{},"branchMap":{},"s":{"0":3},"f":{},"b":{},"_coverageSchema":"1a1c01bbd47fc00a2c39e90264f33305004495a9","hash":"5b798131ff46245b5b2bff4954d67e635038cc98"}
,"/home/bhargava/reactjs/react practice/src/Utils/useOnline.js": {"path":"/home/bhargava/reactjs/react practice/src/Utils/useOnline.js","statementMap":{"0":{"start":{"line":3,"column":16},"end":{"line":28,"column":1}},"1":{"start":{"line":5,"column":33},"end":{"line":5,"column":47}},"2":{"start":{"line":7,"column":4},"end":{"line":25,"column":12}},"3":{"start":{"line":9,"column":27},"end":{"line":11,"column":9}},"4":{"start":{"line":10,"column":12},"end":{"line":10,"column":30}},"5":{"start":{"line":12,"column":28},"end":{"line":14,"column":9}},"6":{"start":{"line":13,"column":12},"end":{"line":13,"column":31}},"7":{"start":{"line":16,"column":8},"end":{"line":16,"column":55}},"8":{"start":{"line":17,"column":8},"end":{"line":17,"column":57}},"9":{"start":{"line":19,"column":8},"end":{"line":22,"column":9}},"10":{"start":{"line":20,"column":12},"end":{"line":20,"column":62}},"11":{"start":{"line":21,"column":12},"end":{"line":21,"column":64}},"12":{"start":{"line":27,"column":4},"end":{"line":27,"column":20}}},"fnMap":{"0":{"name":"(anonymous_0)","decl":{"start":{"line":3,"column":16},"end":{"line":3,"column":17}},"loc":{"start":{"line":3,"column":20},"end":{"line":28,"column":1}},"line":3},"1":{"name":"(anonymous_1)","decl":{"start":{"line":7,"column":15},"end":{"line":7,"column":16}},"loc":{"start":{"line":7,"column":19},"end":{"line":25,"column":7}},"line":7},"2":{"name":"(anonymous_2)","decl":{"start":{"line":9,"column":27},"end":{"line":9,"column":28}},"loc":{"start":{"line":9,"column":31},"end":{"line":11,"column":9}},"line":9},"3":{"name":"(anonymous_3)","decl":{"start":{"line":12,"column":28},"end":{"line":12,"column":29}},"loc":{"start":{"line":12,"column":32},"end":{"line":14,"column":9}},"line":12},"4":{"name":"(anonymous_4)","decl":{"start":{"line":19,"column":14},"end":{"line":19,"column":15}},"loc":{"start":{"line":19,"column":18},"end":{"line":22,"column":9}},"line":19}},"branchMap":{},"s":{"0":1,"1":9,"2":9,"3":4,"4":0,"5":4,"6":0,"7":4,"8":4,"9":4,"10":4,"11":4,"12":9},"f":{"0":9,"1":4,"2":0,"3":0,"4":4},"b":{},"_coverageSchema":"1a1c01bbd47fc00a2c39e90264f33305004495a9","hash":"1dfd67d4a689fa9abded005bf4675255c9360d37"}
,"/home/bhargava/reactjs/react practice/src/Utils/useRestaurantMenu.js": {"path":"/home/bhargava/reactjs/react practice/src/Utils/useRestaurantMenu.js","statementMap":{"0":{"start":{"line":4,"column":24},"end":{"line":20,"column":1}},"1":{"start":{"line":6,"column":39},"end":{"line":6,"column":53}},"2":{"start":{"line":8,"column":4},"end":{"line":10,"column":9}},"3":{"start":{"line":9,"column":8},"end":{"line":9,"column":28}},"4":{"start":{"line":13,"column":21},"end":{"line":13,"column":220}},"5":{"start":{"line":14,"column":21},"end":{"line":14,"column":38}},"6":{"start":{"line":15,"column":8},"end":{"line":15,"column":31}},"7":{"start":{"line":16,"column":8},"end":{"line":16,"column":33}},"8":{"start":{"line":19,"column":4},"end":{"line":19,"column":22}}},"fnMap":{"0":{"name":"(anonymous_0)","decl":{"start":{"line":4,"column":24},"end":{"line":4,"column":25}},"loc":{"start":{"line":4,"column":33},"end":{"line":20,"column":1}},"line":4},"1":{"name":"(anonymous_1)","decl":{"start":{"line":8,"column":15},"end":{"line":8,"column":16}},"loc":{"start":{"line":8,"column":19},"end":{"line":10,"column":5}},"line":8},"2":{"name":"getRestaurantInfo","decl":{"start":{"line":12,"column":19},"end":{"line":12,"column":36}},"loc":{"start":{"line":12,"column":38},"end":{"line":17,"column":5}},"line":12}},"branchMap":{},"s":{"0":1,"1":2,"2":2,"3":1,"4":1,"5":1,"6":1,"7":1,"8":2},"f":{"0":2,"1":1,"2":1},"b":{},"_coverageSchema":"1a1c01bbd47fc00a2c39e90264f33305004495a9","hash":"c7ca770f353011a6b17cc8fe368eaae3d927c930"}
,"/home/bhargava/reactjs/react practice/src/Utils/mocks/data.js": {"path":"/home/bhargava/reactjs/react practice/src/Utils/mocks/data.js","statementMap":{"0":{"start":{"line":1,"column":30},"end":{"line":15846,"column":1}},"1":{"start":{"line":15848,"column":30},"end":{"line":17581,"column":1}}},"fnMap":{},"branchMap":{},"s":{"0":2,"1":2},"f":{},"b":{},"_coverageSchema":"1a1c01bbd47fc00a2c39e90264f33305004495a9","hash":"e71d182b59ba81b9fd73d10eb798167345ed683e"}
,"/home/bhargava/reactjs/react practice/src/Utils/mocks/dummyLogo.js": {"path":"/home/bhargava/reactjs/react practice/src/Utils/mocks/dummyLogo.js","statementMap":{},"fnMap":{},"branchMap":{},"s":{},"f":{},"b":{},"_coverageSchema":"1a1c01bbd47fc00a2c39e90264f33305004495a9","hash":"e55904e1da235f33a163cde4bd354b06b0e9db91"}
,"/home/bhargava/reactjs/react practice/src/components/Body.js": {"path":"/home/bhargava/reactjs/react practice/src/components/Body.js","statementMap":{"0":{"start":{"line":11,"column":4},"end":{"line":11,"column":120}},"1":{"start":{"line":11,"column":45},"end":{"line":11,"column":118}},"2":{"start":{"line":14,"column":11},"end":{"line":79,"column":2}},"3":{"start":{"line":16,"column":44},"end":{"line":16,"column":56}},"4":{"start":{"line":17,"column":55},"end":{"line":17,"column":67}},"5":{"start":{"line":18,"column":40},"end":{"line":18,"column":52}},"6":{"start":{"line":20,"column":18},"end":{"line":20,"column":29}},"7":{"start":{"line":22,"column":4},"end":{"line":24,"column":10}},"8":{"start":{"line":23,"column":6},"end":{"line":23,"column":23}},"9":{"start":{"line":27,"column":21},"end":{"line":27,"column":122}},"10":{"start":{"line":28,"column":21},"end":{"line":28,"column":38}},"11":{"start":{"line":29,"column":8},"end":{"line":29,"column":110}},"12":{"start":{"line":30,"column":8},"end":{"line":30,"column":115}},"13":{"start":{"line":33,"column":4},"end":{"line":34,"column":69}},"14":{"start":{"line":34,"column":5},"end":{"line":34,"column":69}},"15":{"start":{"line":36,"column":3},"end":{"line":78,"column":6}},"16":{"start":{"line":48,"column":14},"end":{"line":48,"column":45}},"17":{"start":{"line":53,"column":26},"end":{"line":53,"column":64}},"18":{"start":{"line":54,"column":14},"end":{"line":54,"column":43}},"19":{"start":{"line":67,"column":21},"end":{"line":70,"column":22}}},"fnMap":{"0":{"name":"filterData","decl":{"start":{"line":9,"column":9},"end":{"line":9,"column":19}},"loc":{"start":{"line":10,"column":0},"end":{"line":12,"column":1}},"line":10},"1":{"name":"(anonymous_1)","decl":{"start":{"line":11,"column":30},"end":{"line":11,"column":31}},"loc":{"start":{"line":11,"column":45},"end":{"line":11,"column":118}},"line":11},"2":{"name":"(anonymous_2)","decl":{"start":{"line":14,"column":11},"end":{"line":14,"column":12}},"loc":{"start":{"line":14,"column":15},"end":{"line":79,"column":2}},"line":14},"3":{"name":"(anonymous_3)","decl":{"start":{"line":22,"column":14},"end":{"line":22,"column":15}},"loc":{"start":{"line":22,"column":18},"end":{"line":24,"column":5}},"line":22},"4":{"name":"getRestaurants","decl":{"start":{"line":26,"column":19},"end":{"line":26,"column":33}},"loc":{"start":{"line":26,"column":35},"end":{"line":31,"column":5}},"line":26},"5":{"name":"(anonymous_5)","decl":{"start":{"line":47,"column":22},"end":{"line":47,"column":23}},"loc":{"start":{"line":47,"column":27},"end":{"line":49,"column":13}},"line":47},"6":{"name":"(anonymous_6)","decl":{"start":{"line":52,"column":12},"end":{"line":52,"column":13}},"loc":{"start":{"line":52,"column":16},"end":{"line":55,"column":13}},"line":52},"7":{"name":"(anonymous_7)","decl":{"start":{"line":64,"column":45},"end":{"line":64,"column":46}},"loc":{"start":{"line":65,"column":18},"end":{"line":71,"column":19}},"line":65}},"branchMap":{"0":{"loc":{"start":{"line":33,"column":4},"end":{"line":34,"column":69}},"type":"if","locations":[{"start":{"line":33,"column":4},"end":{"line":34,"column":69}},{"start":{},"end":{}}],"line":33},"1":{"loc":{"start":{"line":62,"column":15},"end":{"line":74,"column":17}},"type":"cond-expr","locations":[{"start":{"line":62,"column":74},"end":{"line":62,"column":84}},{"start":{"line":63,"column":18},"end":{"line":73,"column":16}}],"line":62},"2":{"loc":{"start":{"line":62,"column":16},"end":{"line":62,"column":71}},"type":"binary-expr","locations":[{"start":{"line":62,"column":16},"end":{"line":62,"column":46}},{"start":{"line":62,"column":50},"end":{"line":62,"column":71}}],"line":62},"3":{"loc":{"start":{"line":63,"column":18},"end":{"line":73,"column":16}},"type":"cond-expr","locations":[{"start":{"line":63,"column":77},"end":{"line":63,"column":121}},{"start":{"line":64,"column":21},"end":{"line":72,"column":18}}],"line":63},"4":{"loc":{"start":{"line":63,"column":19},"end":{"line":63,"column":74}},"type":"binary-expr","locations":[{"start":{"line":63,"column":19},"end":{"line":63,"column":40}},{"start":{"line":63,"column":44},"end":{"line":63,"column":74}}],"line":63}},"s":{"0":1,"1":10,"2":1,"3":10,"4":9,"5":9,"6":9,"7":9,"8":4,"9":4,"10":4,"11":4,"12":4,"13":9,"14":0,"15":9,"16":1,"17":1,"18":1,"19":41},"f":{"0":1,"1":10,"2":10,"3":4,"4":4,"5":1,"6":1,"7":41},"b":{"0":[0,9],"1":[4,5],"2":[9,4],"3":[0,5],"4":[5,2]},"_coverageSchema":"1a1c01bbd47fc00a2c39e90264f33305004495a9","hash":"85e57a0f4c5202554fb150edee45c3be888afc8b"}
,"/home/bhargava/reactjs/react practice/src/components/Header.js": {"path":"/home/bhargava/reactjs/react practice/src/components/Header.js","statementMap":{"0":{"start":{"line":10,"column":22},"end":{"line":56,"column":2}},"1":{"start":{"line":12,"column":32},"end":{"line":12,"column":46}},"2":{"start":{"line":13,"column":23},"end":{"line":13,"column":46}},"3":{"start":{"line":15,"column":20},"end":{"line":15,"column":57}},"4":{"start":{"line":15,"column":40},"end":{"line":15,"column":56}},"5":{"start":{"line":17,"column":19},"end":{"line":20,"column":3}},"6":{"start":{"line":18,"column":4},"end":{"line":18,"column":22}},"7":{"start":{"line":19,"column":4},"end":{"line":19,"column":33}},"8":{"start":{"line":24,"column":4},"end":{"line":55,"column":6}},"9":{"start":{"line":41,"column":61},"end":{"line":41,"column":79}},"10":{"start":{"line":45,"column":59},"end":{"line":45,"column":71}}},"fnMap":{"0":{"name":"(anonymous_0)","decl":{"start":{"line":10,"column":22},"end":{"line":10,"column":23}},"loc":{"start":{"line":10,"column":26},"end":{"line":56,"column":2}},"line":10},"1":{"name":"(anonymous_1)","decl":{"start":{"line":15,"column":32},"end":{"line":15,"column":33}},"loc":{"start":{"line":15,"column":40},"end":{"line":15,"column":56}},"line":15},"2":{"name":"(anonymous_2)","decl":{"start":{"line":17,"column":19},"end":{"line":17,"column":20}},"loc":{"start":{"line":17,"column":23},"end":{"line":20,"column":3}},"line":17},"3":{"name":"(anonymous_3)","decl":{"start":{"line":41,"column":56},"end":{"line":41,"column":57}},"loc":{"start":{"line":41,"column":60},"end":{"line":41,"column":80}},"line":41},"4":{"name":"(anonymous_4)","decl":{"start":{"line":45,"column":55},"end":{"line":45,"column":56}},"loc":{"start":{"line":45,"column":59},"end":{"line":45,"column":71}},"line":45}},"branchMap":{"0":{"loc":{"start":{"line":34,"column":11},"end":{"line":36,"column":296}},"type":"cond-expr","locations":[{"start":{"line":35,"column":10},"end":{"line":35,"column":191}},{"start":{"line":36,"column":10},"end":{"line":36,"column":296}}],"line":34},"1":{"loc":{"start":{"line":39,"column":13},"end":{"line":47,"column":30}},"type":"cond-expr","locations":[{"start":{"line":40,"column":15},"end":{"line":43,"column":30}},{"start":{"line":44,"column":14},"end":{"line":47,"column":30}}],"line":39}},"s":{"0":2,"1":5,"2":5,"3":5,"4":10,"5":5,"6":0,"7":0,"8":5,"9":0,"10":0},"f":{"0":5,"1":10,"2":0,"3":0,"4":0},"b":{"0":[4,1],"1":[5,0]},"_coverageSchema":"1a1c01bbd47fc00a2c39e90264f33305004495a9","hash":"c2ff184e359f9797be8fd8f03daf4c62495c34ee"}
,"/home/bhargava/reactjs/react practice/src/components/RestaurantCard.js": {"path":"/home/bhargava/reactjs/react practice/src/components/RestaurantCard.js","statementMap":{"0":{"start":{"line":3,"column":21},"end":{"line":21,"column":3}},"1":{"start":{"line":5,"column":4},"end":{"line":20,"column":7}}},"fnMap":{"0":{"name":"(anonymous_0)","decl":{"start":{"line":3,"column":21},"end":{"line":3,"column":22}},"loc":{"start":{"line":3,"column":77},"end":{"line":21,"column":3}},"line":3}},"branchMap":{"0":{"loc":{"start":{"line":11,"column":12},"end":{"line":11,"column":155}},"type":"cond-expr","locations":[{"start":{"line":11,"column":29},"end":{"line":11,"column":81}},{"start":{"line":11,"column":82},"end":{"line":11,"column":155}}],"line":11},"1":{"loc":{"start":{"line":15,"column":12},"end":{"line":15,"column":187}},"type":"cond-expr","locations":[{"start":{"line":15,"column":32},"end":{"line":15,"column":98}},{"start":{"line":15,"column":99},"end":{"line":15,"column":187}}],"line":15}},"s":{"0":1,"1":41},"f":{"0":41},"b":{"0":[33,8],"1":[8,33]},"_coverageSchema":"1a1c01bbd47fc00a2c39e90264f33305004495a9","hash":"97d966d803c95dd6685968af4ea49316057115e1"}
,"/home/bhargava/reactjs/react practice/src/components/RestaurantMenu.js": {"path":"/home/bhargava/reactjs/react practice/src/components/RestaurantMenu.js","statementMap":{"0":{"start":{"line":10,"column":21},"end":{"line":50,"column":1}},"1":{"start":{"line":12,"column":18},"end":{"line":12,"column":29}},"2":{"start":{"line":13,"column":23},"end":{"line":13,"column":47}},"3":{"start":{"line":15,"column":20},"end":{"line":15,"column":33}},"4":{"start":{"line":16,"column":22},"end":{"line":18,"column":5}},"5":{"start":{"line":17,"column":8},"end":{"line":17,"column":32}},"6":{"start":{"line":20,"column":4},"end":{"line":48,"column":6}},"7":{"start":{"line":37,"column":18},"end":{"line":42,"column":21}},"8":{"start":{"line":40,"column":520},"end":{"line":40,"column":549}}},"fnMap":{"0":{"name":"(anonymous_0)","decl":{"start":{"line":10,"column":21},"end":{"line":10,"column":22}},"loc":{"start":{"line":10,"column":25},"end":{"line":50,"column":1}},"line":10},"1":{"name":"(anonymous_1)","decl":{"start":{"line":16,"column":22},"end":{"line":16,"column":23}},"loc":{"start":{"line":16,"column":30},"end":{"line":18,"column":5}},"line":16},"2":{"name":"(anonymous_2)","decl":{"start":{"line":36,"column":114},"end":{"line":36,"column":115}},"loc":{"start":{"line":37,"column":18},"end":{"line":42,"column":21}},"line":37},"3":{"name":"(anonymous_3)","decl":{"start":{"line":40,"column":516},"end":{"line":40,"column":517}},"loc":{"start":{"line":40,"column":520},"end":{"line":40,"column":549}},"line":40}},"branchMap":{"0":{"loc":{"start":{"line":20,"column":11},"end":{"line":48,"column":5}},"type":"cond-expr","locations":[{"start":{"line":20,"column":25},"end":{"line":20,"column":35}},{"start":{"line":21,"column":8},"end":{"line":46,"column":14}}],"line":20},"1":{"loc":{"start":{"line":40,"column":215},"end":{"line":40,"column":344}},"type":"cond-expr","locations":[{"start":{"line":40,"column":259},"end":{"line":40,"column":311}},{"start":{"line":40,"column":314},"end":{"line":40,"column":343}}],"line":40}},"s":{"0":1,"1":3,"2":2,"3":2,"4":2,"5":1,"6":2,"7":16,"8":1},"f":{"0":3,"1":1,"2":16,"3":1},"b":{"0":[1,1],"1":[16,0]},"_coverageSchema":"1a1c01bbd47fc00a2c39e90264f33305004495a9","hash":"2a61fd7b5e44eb1dc3970d0d32938a01497d7283"}
,"/home/bhargava/reactjs/react practice/src/components/Shimmer.js": {"path":"/home/bhargava/reactjs/react practice/src/components/Shimmer.js","statementMap":{"0":{"start":{"line":1,"column":14},"end":{"line":3,"column":2}},"1":{"start":{"line":2,"column":4},"end":{"line":2,"column":61}},"2":{"start":{"line":5,"column":15},"end":{"line":14,"column":1}},"3":{"start":{"line":7,"column":4},"end":{"line":13,"column":5}}},"fnMap":{"0":{"name":"(anonymous_0)","decl":{"start":{"line":1,"column":42},"end":{"line":1,"column":43}},"loc":{"start":{"line":1,"column":50},"end":{"line":3,"column":1}},"line":1},"1":{"name":"(anonymous_1)","decl":{"start":{"line":5,"column":15},"end":{"line":5,"column":16}},"loc":{"start":{"line":5,"column":19},"end":{"line":14,"column":1}},"line":5}},"branchMap":{},"s":{"0":2,"1":20,"2":2,"3":5},"f":{"0":20,"1":5},"b":{},"_coverageSchema":"1a1c01bbd47fc00a2c39e90264f33305004495a9","hash":"90b32526814058b58a793274e7dd0441fb2ce0f5"}
}
