TN:
SF:src/config.js
FNF:0
FNH:0
DA:1,2
DA:4,2
LF:2
LH:2
BRF:0
BRH:0
end_of_record
TN:
SF:src/Utils/UserContext.js
FNF:0
FNH:0
DA:3,2
LF:1
LH:1
BRF:0
BRH:0
end_of_record
TN:
SF:src/Utils/cartSlice.js
FN:10,(anonymous_0)
FN:13,(anonymous_1)
FN:16,(anonymous_2)
FNF:3
FNH:1
FNDA:1,(anonymous_0)
FNDA:0,(anonymous_1)
FNDA:0,(anonymous_2)
DA:3,3
DA:11,1
DA:14,0
DA:17,0
DA:24,3
LF:5
LH:3
BRF:0
BRH:0
end_of_record
TN:
SF:src/Utils/store.js
FNF:0
FNH:0
DA:4,3
LF:1
LH:1
BRF:0
BRH:0
end_of_record
TN:
SF:src/Utils/useOnline.js
FN:3,(anonymous_0)
FN:7,(anonymous_1)
FN:9,(anonymous_2)
FN:12,(anonymous_3)
FN:19,(anonymous_4)
FNF:5
FNH:3
FNDA:9,(anonymous_0)
FNDA:4,(anonymous_1)
FNDA:0,(anonymous_2)
FNDA:0,(anonymous_3)
FNDA:4,(anonymous_4)
DA:3,1
DA:5,9
DA:7,9
DA:9,4
DA:10,0
DA:12,4
DA:13,0
DA:16,4
DA:17,4
DA:19,4
DA:20,4
DA:21,4
DA:27,9
LF:13
LH:11
BRF:0
BRH:0
end_of_record
TN:
SF:src/Utils/useRestaurantMenu.js
FN:4,(anonymous_0)
FN:8,(anonymous_1)
FN:12,getRestaurantInfo
FNF:3
FNH:3
FNDA:2,(anonymous_0)
FNDA:1,(anonymous_1)
FNDA:1,getRestaurantInfo
DA:4,1
DA:6,2
DA:8,2
DA:9,1
DA:13,1
DA:14,1
DA:15,1
DA:16,1
DA:19,2
LF:9
LH:9
BRF:0
BRH:0
end_of_record
TN:
SF:src/Utils/mocks/data.js
FNF:0
FNH:0
DA:1,2
DA:15848,2
LF:2
LH:2
BRF:0
BRH:0
end_of_record
TN:
SF:src/Utils/mocks/dummyLogo.js
FNF:0
FNH:0
LF:0
LH:0
BRF:0
BRH:0
end_of_record
TN:
SF:src/components/Body.js
FN:9,filterData
FN:11,(anonymous_1)
FN:14,(anonymous_2)
FN:22,(anonymous_3)
FN:26,getRestaurants
FN:47,(anonymous_5)
FN:52,(anonymous_6)
FN:64,(anonymous_7)
FNF:8
FNH:8
FNDA:1,filterData
FNDA:10,(anonymous_1)
FNDA:10,(anonymous_2)
FNDA:4,(anonymous_3)
FNDA:4,getRestaurants
FNDA:1,(anonymous_5)
FNDA:1,(anonymous_6)
FNDA:41,(anonymous_7)
DA:11,10
DA:14,1
DA:16,10
DA:17,9
DA:18,9
DA:20,9
DA:22,9
DA:23,4
DA:27,4
DA:28,4
DA:29,4
DA:30,4
DA:33,9
DA:34,0
DA:36,9
DA:48,1
DA:53,1
DA:54,1
DA:67,41
LF:19
LH:18
BRDA:33,0,0,0
BRDA:33,0,1,9
BRDA:62,1,0,4
BRDA:62,1,1,5
BRDA:62,2,0,9
BRDA:62,2,1,4
BRDA:63,3,0,0
BRDA:63,3,1,5
BRDA:63,4,0,5
BRDA:63,4,1,2
BRF:10
BRH:8
end_of_record
TN:
SF:src/components/Header.js
FN:10,(anonymous_0)
FN:15,(anonymous_1)
FN:17,(anonymous_2)
FN:41,(anonymous_3)
FN:45,(anonymous_4)
FNF:5
FNH:2
FNDA:5,(anonymous_0)
FNDA:10,(anonymous_1)
FNDA:0,(anonymous_2)
FNDA:0,(anonymous_3)
FNDA:0,(anonymous_4)
DA:10,2
DA:12,5
DA:13,5
DA:15,10
DA:17,5
DA:18,0
DA:19,0
DA:24,5
DA:41,0
DA:45,0
LF:10
LH:6
BRDA:34,0,0,4
BRDA:34,0,1,1
BRDA:39,1,0,5
BRDA:39,1,1,0
BRF:4
BRH:3
end_of_record
TN:
SF:src/components/RestaurantCard.js
FN:3,(anonymous_0)
FNF:1
FNH:1
FNDA:41,(anonymous_0)
DA:3,1
DA:5,41
LF:2
LH:2
BRDA:11,0,0,33
BRDA:11,0,1,8
BRDA:15,1,0,8
BRDA:15,1,1,33
BRF:4
BRH:4
end_of_record
TN:
SF:src/components/RestaurantMenu.js
FN:10,(anonymous_0)
FN:16,(anonymous_1)
FN:36,(anonymous_2)
FN:40,(anonymous_3)
FNF:4
FNH:4
FNDA:3,(anonymous_0)
FNDA:1,(anonymous_1)
FNDA:16,(anonymous_2)
FNDA:1,(anonymous_3)
DA:10,1
DA:12,3
DA:13,2
DA:15,2
DA:16,2
DA:17,1
DA:20,2
DA:37,16
DA:40,1
LF:9
LH:9
BRDA:20,0,0,1
BRDA:20,0,1,1
BRDA:40,1,0,16
BRDA:40,1,1,0
BRF:4
BRH:3
end_of_record
TN:
SF:src/components/Shimmer.js
FN:1,(anonymous_0)
FN:5,(anonymous_1)
FNF:2
FNH:2
FNDA:20,(anonymous_0)
FNDA:5,(anonymous_1)
DA:1,2
DA:2,20
DA:5,2
DA:7,5
LF:4
LH:4
BRF:0
BRH:0
end_of_record
